<?xml version="1.0" encoding="UTF-8"?>
<testsuite xmlns:xsi="http://www.w3.org/2001/XMLSchema-instance" xsi:noNamespaceSchemaLocation="https://maven.apache.org/surefire/maven-surefire-plugin/xsd/surefire-test-report.xsd" version="3.0.2" name="com.demo.online_banking_system.OnlineBankingSystemApplicationTests" time="1.466" tests="1" errors="0" skipped="0" failures="0">
  <properties>
    <property name="java.specification.version" value="24"/>
    <property name="sun.jnu.encoding" value="UTF-8"/>
    <property name="java.class.path" value="/Users/denapatel/Java/online-banking-system/target/test-classes:/Users/denapatel/Java/online-banking-system/target/classes:/Users/denapatel/.m2/repository/org/springframework/boot/spring-boot-starter-batch/3.5.5/spring-boot-starter-batch-3.5.5.jar:/Users/denapatel/.m2/repository/org/springframework/boot/spring-boot-starter/3.5.5/spring-boot-starter-3.5.5.jar:/Users/denapatel/.m2/repository/org/springframework/boot/spring-boot/3.5.5/spring-boot-3.5.5.jar:/Users/denapatel/.m2/repository/org/springframework/boot/spring-boot-autoconfigure/3.5.5/spring-boot-autoconfigure-3.5.5.jar:/Users/denapatel/.m2/repository/org/springframework/boot/spring-boot-starter-logging/3.5.5/spring-boot-starter-logging-3.5.5.jar:/Users/denapatel/.m2/repository/org/apache/logging/log4j/log4j-to-slf4j/2.24.3/log4j-to-slf4j-2.24.3.jar:/Users/denapatel/.m2/repository/org/apache/logging/log4j/log4j-api/2.24.3/log4j-api-2.24.3.jar:/Users/denapatel/.m2/repository/org/slf4j/jul-to-slf4j/2.0.17/jul-to-slf4j-2.0.17.jar:/Users/denapatel/.m2/repository/jakarta/annotation/jakarta.annotation-api/2.1.1/jakarta.annotation-api-2.1.1.jar:/Users/denapatel/.m2/repository/org/yaml/snakeyaml/2.4/snakeyaml-2.4.jar:/Users/denapatel/.m2/repository/org/springframework/boot/spring-boot-starter-jdbc/3.5.5/spring-boot-starter-jdbc-3.5.5.jar:/Users/denapatel/.m2/repository/com/zaxxer/HikariCP/6.3.2/HikariCP-6.3.2.jar:/Users/denapatel/.m2/repository/org/springframework/batch/spring-batch-core/5.2.2/spring-batch-core-5.2.2.jar:/Users/denapatel/.m2/repository/org/springframework/batch/spring-batch-infrastructure/5.2.2/spring-batch-infrastructure-5.2.2.jar:/Users/denapatel/.m2/repository/org/springframework/spring-beans/6.2.10/spring-beans-6.2.10.jar:/Users/denapatel/.m2/repository/io/micrometer/micrometer-core/1.15.3/micrometer-core-1.15.3.jar:/Users/denapatel/.m2/repository/org/hdrhistogram/HdrHistogram/2.2.2/HdrHistogram-2.2.2.jar:/Users/denapatel/.m2/repository/org/latencyutils/LatencyUtils/2.0.3/LatencyUtils-2.0.3.jar:/Users/denapatel/.m2/repository/org/springframework/data/spring-data-commons/3.5.3/spring-data-commons-3.5.3.jar:/Users/denapatel/.m2/repository/org/springframework/boot/spring-boot-starter-data-jpa/3.5.5/spring-boot-starter-data-jpa-3.5.5.jar:/Users/denapatel/.m2/repository/org/hibernate/orm/hibernate-core/6.6.26.Final/hibernate-core-6.6.26.Final.jar:/Users/denapatel/.m2/repository/jakarta/persistence/jakarta.persistence-api/3.1.0/jakarta.persistence-api-3.1.0.jar:/Users/denapatel/.m2/repository/jakarta/transaction/jakarta.transaction-api/2.0.1/jakarta.transaction-api-2.0.1.jar:/Users/denapatel/.m2/repository/org/jboss/logging/jboss-logging/3.6.1.Final/jboss-logging-3.6.1.Final.jar:/Users/denapatel/.m2/repository/org/hibernate/common/hibernate-commons-annotations/7.0.3.Final/hibernate-commons-annotations-7.0.3.Final.jar:/Users/denapatel/.m2/repository/io/smallrye/jandex/3.2.0/jandex-3.2.0.jar:/Users/denapatel/.m2/repository/com/fasterxml/classmate/1.7.0/classmate-1.7.0.jar:/Users/denapatel/.m2/repository/net/bytebuddy/byte-buddy/1.17.7/byte-buddy-1.17.7.jar:/Users/denapatel/.m2/repository/org/glassfish/jaxb/jaxb-runtime/4.0.5/jaxb-runtime-4.0.5.jar:/Users/denapatel/.m2/repository/org/glassfish/jaxb/jaxb-core/4.0.5/jaxb-core-4.0.5.jar:/Users/denapatel/.m2/repository/org/eclipse/angus/angus-activation/2.0.2/angus-activation-2.0.2.jar:/Users/denapatel/.m2/repository/org/glassfish/jaxb/txw2/4.0.5/txw2-4.0.5.jar:/Users/denapatel/.m2/repository/com/sun/istack/istack-commons-runtime/4.1.2/istack-commons-runtime-4.1.2.jar:/Users/denapatel/.m2/repository/jakarta/inject/jakarta.inject-api/2.0.1/jakarta.inject-api-2.0.1.jar:/Users/denapatel/.m2/repository/org/antlr/antlr4-runtime/4.13.0/antlr4-runtime-4.13.0.jar:/Users/denapatel/.m2/repository/org/springframework/data/spring-data-jpa/3.5.3/spring-data-jpa-3.5.3.jar:/Users/denapatel/.m2/repository/org/springframework/spring-orm/6.2.10/spring-orm-6.2.10.jar:/Users/denapatel/.m2/repository/org/slf4j/slf4j-api/2.0.17/slf4j-api-2.0.17.jar:/Users/denapatel/.m2/repository/org/springframework/spring-aspects/6.2.10/spring-aspects-6.2.10.jar:/Users/denapatel/.m2/repository/org/aspectj/aspectjweaver/1.9.24/aspectjweaver-1.9.24.jar:/Users/denapatel/.m2/repository/org/springframework/boot/spring-boot-starter-security/3.5.5/spring-boot-starter-security-3.5.5.jar:/Users/denapatel/.m2/repository/org/springframework/spring-aop/6.2.10/spring-aop-6.2.10.jar:/Users/denapatel/.m2/repository/org/springframework/security/spring-security-config/6.5.3/spring-security-config-6.5.3.jar:/Users/denapatel/.m2/repository/org/springframework/security/spring-security-web/6.5.3/spring-security-web-6.5.3.jar:/Users/denapatel/.m2/repository/org/springframework/spring-expression/6.2.10/spring-expression-6.2.10.jar:/Users/denapatel/.m2/repository/org/springframework/boot/spring-boot-starter-validation/3.5.5/spring-boot-starter-validation-3.5.5.jar:/Users/denapatel/.m2/repository/org/apache/tomcat/embed/tomcat-embed-el/10.1.44/tomcat-embed-el-10.1.44.jar:/Users/denapatel/.m2/repository/org/hibernate/validator/hibernate-validator/8.0.3.Final/hibernate-validator-8.0.3.Final.jar:/Users/denapatel/.m2/repository/jakarta/validation/jakarta.validation-api/3.0.2/jakarta.validation-api-3.0.2.jar:/Users/denapatel/.m2/repository/org/springframework/boot/spring-boot-starter-web/3.5.5/spring-boot-starter-web-3.5.5.jar:/Users/denapatel/.m2/repository/org/springframework/boot/spring-boot-starter-json/3.5.5/spring-boot-starter-json-3.5.5.jar:/Users/denapatel/.m2/repository/com/fasterxml/jackson/core/jackson-databind/2.19.2/jackson-databind-2.19.2.jar:/Users/denapatel/.m2/repository/com/fasterxml/jackson/core/jackson-annotations/2.19.2/jackson-annotations-2.19.2.jar:/Users/denapatel/.m2/repository/com/fasterxml/jackson/core/jackson-core/2.19.2/jackson-core-2.19.2.jar:/Users/denapatel/.m2/repository/com/fasterxml/jackson/datatype/jackson-datatype-jdk8/2.19.2/jackson-datatype-jdk8-2.19.2.jar:/Users/denapatel/.m2/repository/com/fasterxml/jackson/datatype/jackson-datatype-jsr310/2.19.2/jackson-datatype-jsr310-2.19.2.jar:/Users/denapatel/.m2/repository/com/fasterxml/jackson/module/jackson-module-parameter-names/2.19.2/jackson-module-parameter-names-2.19.2.jar:/Users/denapatel/.m2/repository/org/springframework/boot/spring-boot-starter-tomcat/3.5.5/spring-boot-starter-tomcat-3.5.5.jar:/Users/denapatel/.m2/repository/org/apache/tomcat/embed/tomcat-embed-core/10.1.44/tomcat-embed-core-10.1.44.jar:/Users/denapatel/.m2/repository/org/apache/tomcat/embed/tomcat-embed-websocket/10.1.44/tomcat-embed-websocket-10.1.44.jar:/Users/denapatel/.m2/repository/org/springframework/spring-web/6.2.10/spring-web-6.2.10.jar:/Users/denapatel/.m2/repository/org/springframework/spring-webmvc/6.2.10/spring-webmvc-6.2.10.jar:/Users/denapatel/.m2/repository/org/springframework/kafka/spring-kafka/3.3.9/spring-kafka-3.3.9.jar:/Users/denapatel/.m2/repository/org/springframework/spring-context/6.2.10/spring-context-6.2.10.jar:/Users/denapatel/.m2/repository/org/springframework/spring-messaging/6.2.10/spring-messaging-6.2.10.jar:/Users/denapatel/.m2/repository/org/springframework/spring-tx/6.2.10/spring-tx-6.2.10.jar:/Users/denapatel/.m2/repository/org/springframework/retry/spring-retry/2.0.12/spring-retry-2.0.12.jar:/Users/denapatel/.m2/repository/org/apache/kafka/kafka-clients/3.9.1/kafka-clients-3.9.1.jar:/Users/denapatel/.m2/repository/com/github/luben/zstd-jni/1.5.6-4/zstd-jni-1.5.6-4.jar:/Users/denapatel/.m2/repository/org/lz4/lz4-java/1.8.0/lz4-java-1.8.0.jar:/Users/denapatel/.m2/repository/org/xerial/snappy/snappy-java/1.1.10.5/snappy-java-1.1.10.5.jar:/Users/denapatel/.m2/repository/io/micrometer/micrometer-observation/1.15.3/micrometer-observation-1.15.3.jar:/Users/denapatel/.m2/repository/io/micrometer/micrometer-commons/1.15.3/micrometer-commons-1.15.3.jar:/Users/denapatel/.m2/repository/com/mysql/mysql-connector-j/9.4.0/mysql-connector-j-9.4.0.jar:/Users/denapatel/.m2/repository/org/springframework/boot/spring-boot-configuration-processor/3.5.5/spring-boot-configuration-processor-3.5.5.jar:/Users/denapatel/.m2/repository/org/projectlombok/lombok/1.18.38/lombok-1.18.38.jar:/Users/denapatel/.m2/repository/org/springframework/boot/spring-boot-starter-test/3.5.5/spring-boot-starter-test-3.5.5.jar:/Users/denapatel/.m2/repository/org/springframework/boot/spring-boot-test/3.5.5/spring-boot-test-3.5.5.jar:/Users/denapatel/.m2/repository/org/springframework/boot/spring-boot-test-autoconfigure/3.5.5/spring-boot-test-autoconfigure-3.5.5.jar:/Users/denapatel/.m2/repository/com/jayway/jsonpath/json-path/2.9.0/json-path-2.9.0.jar:/Users/denapatel/.m2/repository/jakarta/xml/bind/jakarta.xml.bind-api/4.0.2/jakarta.xml.bind-api-4.0.2.jar:/Users/denapatel/.m2/repository/jakarta/activation/jakarta.activation-api/2.1.3/jakarta.activation-api-2.1.3.jar:/Users/denapatel/.m2/repository/net/minidev/json-smart/2.5.2/json-smart-2.5.2.jar:/Users/denapatel/.m2/repository/net/minidev/accessors-smart/2.5.2/accessors-smart-2.5.2.jar:/Users/denapatel/.m2/repository/org/ow2/asm/asm/9.7.1/asm-9.7.1.jar:/Users/denapatel/.m2/repository/org/assertj/assertj-core/3.27.4/assertj-core-3.27.4.jar:/Users/denapatel/.m2/repository/org/awaitility/awaitility/4.2.2/awaitility-4.2.2.jar:/Users/denapatel/.m2/repository/org/hamcrest/hamcrest/3.0/hamcrest-3.0.jar:/Users/denapatel/.m2/repository/org/junit/jupiter/junit-jupiter/5.12.2/junit-jupiter-5.12.2.jar:/Users/denapatel/.m2/repository/org/junit/jupiter/junit-jupiter-params/5.12.2/junit-jupiter-params-5.12.2.jar:/Users/denapatel/.m2/repository/org/junit/jupiter/junit-jupiter-engine/5.12.2/junit-jupiter-engine-5.12.2.jar:/Users/denapatel/.m2/repository/org/mockito/mockito-core/5.17.0/mockito-core-5.17.0.jar:/Users/denapatel/.m2/repository/net/bytebuddy/byte-buddy-agent/1.17.7/byte-buddy-agent-1.17.7.jar:/Users/denapatel/.m2/repository/org/objenesis/objenesis/3.3/objenesis-3.3.jar:/Users/denapatel/.m2/repository/org/mockito/mockito-junit-jupiter/5.17.0/mockito-junit-jupiter-5.17.0.jar:/Users/denapatel/.m2/repository/org/skyscreamer/jsonassert/1.5.3/jsonassert-1.5.3.jar:/Users/denapatel/.m2/repository/com/vaadin/external/google/android-json/0.0.20131108.vaadin1/android-json-0.0.20131108.vaadin1.jar:/Users/denapatel/.m2/repository/org/springframework/spring-core/6.2.10/spring-core-6.2.10.jar:/Users/denapatel/.m2/repository/org/springframework/spring-jcl/6.2.10/spring-jcl-6.2.10.jar:/Users/denapatel/.m2/repository/org/springframework/spring-test/6.2.10/spring-test-6.2.10.jar:/Users/denapatel/.m2/repository/org/xmlunit/xmlunit-core/2.10.3/xmlunit-core-2.10.3.jar:/Users/denapatel/.m2/repository/org/springframework/batch/spring-batch-test/5.2.2/spring-batch-test-5.2.2.jar:/Users/denapatel/.m2/repository/org/springframework/spring-jdbc/6.2.10/spring-jdbc-6.2.10.jar:/Users/denapatel/.m2/repository/org/springframework/kafka/spring-kafka-test/3.3.9/spring-kafka-test-3.3.9.jar:/Users/denapatel/.m2/repository/org/apache/zookeeper/zookeeper/3.8.4/zookeeper-3.8.4.jar:/Users/denapatel/.m2/repository/org/apache/zookeeper/zookeeper-jute/3.8.4/zookeeper-jute-3.8.4.jar:/Users/denapatel/.m2/repository/org/apache/yetus/audience-annotations/0.12.0/audience-annotations-0.12.0.jar:/Users/denapatel/.m2/repository/io/netty/netty-handler/4.1.124.Final/netty-handler-4.1.124.Final.jar:/Users/denapatel/.m2/repository/io/netty/netty-common/4.1.124.Final/netty-common-4.1.124.Final.jar:/Users/denapatel/.m2/repository/io/netty/netty-resolver/4.1.124.Final/netty-resolver-4.1.124.Final.jar:/Users/denapatel/.m2/repository/io/netty/netty-buffer/4.1.124.Final/netty-buffer-4.1.124.Final.jar:/Users/denapatel/.m2/repository/io/netty/netty-transport/4.1.124.Final/netty-transport-4.1.124.Final.jar:/Users/denapatel/.m2/repository/io/netty/netty-transport-native-unix-common/4.1.124.Final/netty-transport-native-unix-common-4.1.124.Final.jar:/Users/denapatel/.m2/repository/io/netty/netty-codec/4.1.124.Final/netty-codec-4.1.124.Final.jar:/Users/denapatel/.m2/repository/io/netty/netty-transport-native-epoll/4.1.124.Final/netty-transport-native-epoll-4.1.124.Final.jar:/Users/denapatel/.m2/repository/io/netty/netty-transport-classes-epoll/4.1.124.Final/netty-transport-classes-epoll-4.1.124.Final.jar:/Users/denapatel/.m2/repository/ch/qos/logback/logback-core/1.5.18/logback-core-1.5.18.jar:/Users/denapatel/.m2/repository/ch/qos/logback/logback-classic/1.5.18/logback-classic-1.5.18.jar:/Users/denapatel/.m2/repository/commons-io/commons-io/2.11.0/commons-io-2.11.0.jar:/Users/denapatel/.m2/repository/org/apache/kafka/kafka-clients/3.9.1/kafka-clients-3.9.1-test.jar:/Users/denapatel/.m2/repository/org/apache/kafka/kafka-server/3.9.1/kafka-server-3.9.1.jar:/Users/denapatel/.m2/repository/org/apache/kafka/kafka-storage/3.9.1/kafka-storage-3.9.1.jar:/Users/denapatel/.m2/repository/com/github/ben-manes/caffeine/caffeine/3.2.2/caffeine-3.2.2.jar:/Users/denapatel/.m2/repository/org/jspecify/jspecify/1.0.0/jspecify-1.0.0.jar:/Users/denapatel/.m2/repository/com/google/errorprone/error_prone_annotations/2.40.0/error_prone_annotations-2.40.0.jar:/Users/denapatel/.m2/repository/org/apache/kafka/kafka-group-coordinator/3.9.1/kafka-group-coordinator-3.9.1.jar:/Users/denapatel/.m2/repository/org/apache/kafka/kafka-transaction-coordinator/3.9.1/kafka-transaction-coordinator-3.9.1.jar:/Users/denapatel/.m2/repository/org/apache/kafka/kafka-raft/3.9.1/kafka-raft-3.9.1.jar:/Users/denapatel/.m2/repository/com/yammer/metrics/metrics-core/2.2.0/metrics-core-2.2.0.jar:/Users/denapatel/.m2/repository/org/apache/kafka/kafka-metadata/3.9.1/kafka-metadata-3.9.1.jar:/Users/denapatel/.m2/repository/org/apache/kafka/kafka-server-common/3.9.1/kafka-server-common-3.9.1.jar:/Users/denapatel/.m2/repository/net/sf/jopt-simple/jopt-simple/5.0.4/jopt-simple-5.0.4.jar:/Users/denapatel/.m2/repository/org/pcollections/pcollections/4.0.1/pcollections-4.0.1.jar:/Users/denapatel/.m2/repository/org/apache/kafka/kafka-server-common/3.9.1/kafka-server-common-3.9.1-test.jar:/Users/denapatel/.m2/repository/org/apache/kafka/kafka-streams-test-utils/3.9.1/kafka-streams-test-utils-3.9.1.jar:/Users/denapatel/.m2/repository/org/apache/kafka/kafka-streams/3.9.1/kafka-streams-3.9.1.jar:/Users/denapatel/.m2/repository/org/rocksdb/rocksdbjni/7.9.2/rocksdbjni-7.9.2.jar:/Users/denapatel/.m2/repository/org/apache/kafka/kafka_2.13/3.9.1/kafka_2.13-3.9.1.jar:/Users/denapatel/.m2/repository/org/scala-lang/scala-library/2.13.15/scala-library-2.13.15.jar:/Users/denapatel/.m2/repository/org/apache/kafka/kafka-group-coordinator-api/3.9.1/kafka-group-coordinator-api-3.9.1.jar:/Users/denapatel/.m2/repository/org/apache/kafka/kafka-storage-api/3.9.1/kafka-storage-api-3.9.1.jar:/Users/denapatel/.m2/repository/org/apache/kafka/kafka-tools-api/3.9.1/kafka-tools-api-3.9.1.jar:/Users/denapatel/.m2/repository/net/sourceforge/argparse4j/argparse4j/0.7.0/argparse4j-0.7.0.jar:/Users/denapatel/.m2/repository/commons-validator/commons-validator/1.7/commons-validator-1.7.jar:/Users/denapatel/.m2/repository/commons-beanutils/commons-beanutils/1.9.4/commons-beanutils-1.9.4.jar:/Users/denapatel/.m2/repository/commons-digester/commons-digester/2.1/commons-digester-2.1.jar:/Users/denapatel/.m2/repository/commons-collections/commons-collections/3.2.2/commons-collections-3.2.2.jar:/Users/denapatel/.m2/repository/com/fasterxml/jackson/module/jackson-module-scala_2.13/2.19.2/jackson-module-scala_2.13-2.19.2.jar:/Users/denapatel/.m2/repository/com/thoughtworks/paranamer/paranamer/2.8.3/paranamer-2.8.3.jar:/Users/denapatel/.m2/repository/com/fasterxml/jackson/dataformat/jackson-dataformat-csv/2.19.2/jackson-dataformat-csv-2.19.2.jar:/Users/denapatel/.m2/repository/org/bitbucket/b_c/jose4j/0.9.4/jose4j-0.9.4.jar:/Users/denapatel/.m2/repository/org/scala-lang/modules/scala-collection-compat_2.13/2.10.0/scala-collection-compat_2.13-2.10.0.jar:/Users/denapatel/.m2/repository/org/scala-lang/modules/scala-java8-compat_2.13/1.0.2/scala-java8-compat_2.13-1.0.2.jar:/Users/denapatel/.m2/repository/org/scala-lang/scala-reflect/2.13.15/scala-reflect-2.13.15.jar:/Users/denapatel/.m2/repository/com/typesafe/scala-logging/scala-logging_2.13/3.9.5/scala-logging_2.13-3.9.5.jar:/Users/denapatel/.m2/repository/io/dropwizard/metrics/metrics-core/4.1.12.1/metrics-core-4.1.12.1.jar:/Users/denapatel/.m2/repository/commons-cli/commons-cli/1.4/commons-cli-1.4.jar:/Users/denapatel/.m2/repository/org/apache/kafka/kafka_2.13/3.9.1/kafka_2.13-3.9.1-test.jar:/Users/denapatel/.m2/repository/org/junit/jupiter/junit-jupiter-api/5.12.2/junit-jupiter-api-5.12.2.jar:/Users/denapatel/.m2/repository/org/opentest4j/opentest4j/1.3.0/opentest4j-1.3.0.jar:/Users/denapatel/.m2/repository/org/junit/platform/junit-platform-commons/1.12.2/junit-platform-commons-1.12.2.jar:/Users/denapatel/.m2/repository/org/apiguardian/apiguardian-api/1.1.2/apiguardian-api-1.1.2.jar:/Users/denapatel/.m2/repository/org/junit/platform/junit-platform-launcher/1.12.2/junit-platform-launcher-1.12.2.jar:/Users/denapatel/.m2/repository/org/junit/platform/junit-platform-engine/1.12.2/junit-platform-engine-1.12.2.jar:/Users/denapatel/.m2/repository/org/springframework/security/spring-security-test/6.5.3/spring-security-test-6.5.3.jar:/Users/denapatel/.m2/repository/org/springframework/security/spring-security-core/6.5.3/spring-security-core-6.5.3.jar:/Users/denapatel/.m2/repository/org/springframework/security/spring-security-crypto/6.5.3/spring-security-crypto-6.5.3.jar:"/>
    <property name="java.vm.vendor" value="Homebrew"/>
    <property name="sun.arch.data.model" value="64"/>
    <property name="java.vendor.url" value="https://github.com/Homebrew/homebrew-core/issues"/>
    <property name="user.timezone" value="America/New_York"/>
    <property name="org.jboss.logging.provider" value="slf4j"/>
    <property name="os.name" value="Mac OS X"/>
    <property name="java.vm.specification.version" value="24"/>
    <property name="APPLICATION_NAME" value="online-banking-system"/>
    <property name="sun.java.launcher" value="SUN_STANDARD"/>
    <property name="user.country" value="US"/>
    <property name="sun.boot.library.path" value="/opt/homebrew/Cellar/openjdk/24.0.1/libexec/openjdk.jdk/Contents/Home/lib"/>
    <property name="sun.java.command" value="/Users/denapatel/Java/online-banking-system/target/surefire/surefirebooter-20250821202517812_3.jar /Users/denapatel/Java/online-banking-system/target/surefire 2025-08-21T20-25-17_784-jvmRun1 surefire-20250821202517812_1tmp surefire_0-20250821202517812_2tmp"/>
    <property name="http.nonProxyHosts" value="local|*.local|169.254/16|*.169.254/16"/>
    <property name="jdk.debug" value="release"/>
    <property name="surefire.test.class.path" value="/Users/denapatel/Java/online-banking-system/target/test-classes:/Users/denapatel/Java/online-banking-system/target/classes:/Users/denapatel/.m2/repository/org/springframework/boot/spring-boot-starter-batch/3.5.5/spring-boot-starter-batch-3.5.5.jar:/Users/denapatel/.m2/repository/org/springframework/boot/spring-boot-starter/3.5.5/spring-boot-starter-3.5.5.jar:/Users/denapatel/.m2/repository/org/springframework/boot/spring-boot/3.5.5/spring-boot-3.5.5.jar:/Users/denapatel/.m2/repository/org/springframework/boot/spring-boot-autoconfigure/3.5.5/spring-boot-autoconfigure-3.5.5.jar:/Users/denapatel/.m2/repository/org/springframework/boot/spring-boot-starter-logging/3.5.5/spring-boot-starter-logging-3.5.5.jar:/Users/denapatel/.m2/repository/org/apache/logging/log4j/log4j-to-slf4j/2.24.3/log4j-to-slf4j-2.24.3.jar:/Users/denapatel/.m2/repository/org/apache/logging/log4j/log4j-api/2.24.3/log4j-api-2.24.3.jar:/Users/denapatel/.m2/repository/org/slf4j/jul-to-slf4j/2.0.17/jul-to-slf4j-2.0.17.jar:/Users/denapatel/.m2/repository/jakarta/annotation/jakarta.annotation-api/2.1.1/jakarta.annotation-api-2.1.1.jar:/Users/denapatel/.m2/repository/org/yaml/snakeyaml/2.4/snakeyaml-2.4.jar:/Users/denapatel/.m2/repository/org/springframework/boot/spring-boot-starter-jdbc/3.5.5/spring-boot-starter-jdbc-3.5.5.jar:/Users/denapatel/.m2/repository/com/zaxxer/HikariCP/6.3.2/HikariCP-6.3.2.jar:/Users/denapatel/.m2/repository/org/springframework/batch/spring-batch-core/5.2.2/spring-batch-core-5.2.2.jar:/Users/denapatel/.m2/repository/org/springframework/batch/spring-batch-infrastructure/5.2.2/spring-batch-infrastructure-5.2.2.jar:/Users/denapatel/.m2/repository/org/springframework/spring-beans/6.2.10/spring-beans-6.2.10.jar:/Users/denapatel/.m2/repository/io/micrometer/micrometer-core/1.15.3/micrometer-core-1.15.3.jar:/Users/denapatel/.m2/repository/org/hdrhistogram/HdrHistogram/2.2.2/HdrHistogram-2.2.2.jar:/Users/denapatel/.m2/repository/org/latencyutils/LatencyUtils/2.0.3/LatencyUtils-2.0.3.jar:/Users/denapatel/.m2/repository/org/springframework/data/spring-data-commons/3.5.3/spring-data-commons-3.5.3.jar:/Users/denapatel/.m2/repository/org/springframework/boot/spring-boot-starter-data-jpa/3.5.5/spring-boot-starter-data-jpa-3.5.5.jar:/Users/denapatel/.m2/repository/org/hibernate/orm/hibernate-core/6.6.26.Final/hibernate-core-6.6.26.Final.jar:/Users/denapatel/.m2/repository/jakarta/persistence/jakarta.persistence-api/3.1.0/jakarta.persistence-api-3.1.0.jar:/Users/denapatel/.m2/repository/jakarta/transaction/jakarta.transaction-api/2.0.1/jakarta.transaction-api-2.0.1.jar:/Users/denapatel/.m2/repository/org/jboss/logging/jboss-logging/3.6.1.Final/jboss-logging-3.6.1.Final.jar:/Users/denapatel/.m2/repository/org/hibernate/common/hibernate-commons-annotations/7.0.3.Final/hibernate-commons-annotations-7.0.3.Final.jar:/Users/denapatel/.m2/repository/io/smallrye/jandex/3.2.0/jandex-3.2.0.jar:/Users/denapatel/.m2/repository/com/fasterxml/classmate/1.7.0/classmate-1.7.0.jar:/Users/denapatel/.m2/repository/net/bytebuddy/byte-buddy/1.17.7/byte-buddy-1.17.7.jar:/Users/denapatel/.m2/repository/org/glassfish/jaxb/jaxb-runtime/4.0.5/jaxb-runtime-4.0.5.jar:/Users/denapatel/.m2/repository/org/glassfish/jaxb/jaxb-core/4.0.5/jaxb-core-4.0.5.jar:/Users/denapatel/.m2/repository/org/eclipse/angus/angus-activation/2.0.2/angus-activation-2.0.2.jar:/Users/denapatel/.m2/repository/org/glassfish/jaxb/txw2/4.0.5/txw2-4.0.5.jar:/Users/denapatel/.m2/repository/com/sun/istack/istack-commons-runtime/4.1.2/istack-commons-runtime-4.1.2.jar:/Users/denapatel/.m2/repository/jakarta/inject/jakarta.inject-api/2.0.1/jakarta.inject-api-2.0.1.jar:/Users/denapatel/.m2/repository/org/antlr/antlr4-runtime/4.13.0/antlr4-runtime-4.13.0.jar:/Users/denapatel/.m2/repository/org/springframework/data/spring-data-jpa/3.5.3/spring-data-jpa-3.5.3.jar:/Users/denapatel/.m2/repository/org/springframework/spring-orm/6.2.10/spring-orm-6.2.10.jar:/Users/denapatel/.m2/repository/org/slf4j/slf4j-api/2.0.17/slf4j-api-2.0.17.jar:/Users/denapatel/.m2/repository/org/springframework/spring-aspects/6.2.10/spring-aspects-6.2.10.jar:/Users/denapatel/.m2/repository/org/aspectj/aspectjweaver/1.9.24/aspectjweaver-1.9.24.jar:/Users/denapatel/.m2/repository/org/springframework/boot/spring-boot-starter-security/3.5.5/spring-boot-starter-security-3.5.5.jar:/Users/denapatel/.m2/repository/org/springframework/spring-aop/6.2.10/spring-aop-6.2.10.jar:/Users/denapatel/.m2/repository/org/springframework/security/spring-security-config/6.5.3/spring-security-config-6.5.3.jar:/Users/denapatel/.m2/repository/org/springframework/security/spring-security-web/6.5.3/spring-security-web-6.5.3.jar:/Users/denapatel/.m2/repository/org/springframework/spring-expression/6.2.10/spring-expression-6.2.10.jar:/Users/denapatel/.m2/repository/org/springframework/boot/spring-boot-starter-validation/3.5.5/spring-boot-starter-validation-3.5.5.jar:/Users/denapatel/.m2/repository/org/apache/tomcat/embed/tomcat-embed-el/10.1.44/tomcat-embed-el-10.1.44.jar:/Users/denapatel/.m2/repository/org/hibernate/validator/hibernate-validator/8.0.3.Final/hibernate-validator-8.0.3.Final.jar:/Users/denapatel/.m2/repository/jakarta/validation/jakarta.validation-api/3.0.2/jakarta.validation-api-3.0.2.jar:/Users/denapatel/.m2/repository/org/springframework/boot/spring-boot-starter-web/3.5.5/spring-boot-starter-web-3.5.5.jar:/Users/denapatel/.m2/repository/org/springframework/boot/spring-boot-starter-json/3.5.5/spring-boot-starter-json-3.5.5.jar:/Users/denapatel/.m2/repository/com/fasterxml/jackson/core/jackson-databind/2.19.2/jackson-databind-2.19.2.jar:/Users/denapatel/.m2/repository/com/fasterxml/jackson/core/jackson-annotations/2.19.2/jackson-annotations-2.19.2.jar:/Users/denapatel/.m2/repository/com/fasterxml/jackson/core/jackson-core/2.19.2/jackson-core-2.19.2.jar:/Users/denapatel/.m2/repository/com/fasterxml/jackson/datatype/jackson-datatype-jdk8/2.19.2/jackson-datatype-jdk8-2.19.2.jar:/Users/denapatel/.m2/repository/com/fasterxml/jackson/datatype/jackson-datatype-jsr310/2.19.2/jackson-datatype-jsr310-2.19.2.jar:/Users/denapatel/.m2/repository/com/fasterxml/jackson/module/jackson-module-parameter-names/2.19.2/jackson-module-parameter-names-2.19.2.jar:/Users/denapatel/.m2/repository/org/springframework/boot/spring-boot-starter-tomcat/3.5.5/spring-boot-starter-tomcat-3.5.5.jar:/Users/denapatel/.m2/repository/org/apache/tomcat/embed/tomcat-embed-core/10.1.44/tomcat-embed-core-10.1.44.jar:/Users/denapatel/.m2/repository/org/apache/tomcat/embed/tomcat-embed-websocket/10.1.44/tomcat-embed-websocket-10.1.44.jar:/Users/denapatel/.m2/repository/org/springframework/spring-web/6.2.10/spring-web-6.2.10.jar:/Users/denapatel/.m2/repository/org/springframework/spring-webmvc/6.2.10/spring-webmvc-6.2.10.jar:/Users/denapatel/.m2/repository/org/springframework/kafka/spring-kafka/3.3.9/spring-kafka-3.3.9.jar:/Users/denapatel/.m2/repository/org/springframework/spring-context/6.2.10/spring-context-6.2.10.jar:/Users/denapatel/.m2/repository/org/springframework/spring-messaging/6.2.10/spring-messaging-6.2.10.jar:/Users/denapatel/.m2/repository/org/springframework/spring-tx/6.2.10/spring-tx-6.2.10.jar:/Users/denapatel/.m2/repository/org/springframework/retry/spring-retry/2.0.12/spring-retry-2.0.12.jar:/Users/denapatel/.m2/repository/org/apache/kafka/kafka-clients/3.9.1/kafka-clients-3.9.1.jar:/Users/denapatel/.m2/repository/com/github/luben/zstd-jni/1.5.6-4/zstd-jni-1.5.6-4.jar:/Users/denapatel/.m2/repository/org/lz4/lz4-java/1.8.0/lz4-java-1.8.0.jar:/Users/denapatel/.m2/repository/org/xerial/snappy/snappy-java/1.1.10.5/snappy-java-1.1.10.5.jar:/Users/denapatel/.m2/repository/io/micrometer/micrometer-observation/1.15.3/micrometer-observation-1.15.3.jar:/Users/denapatel/.m2/repository/io/micrometer/micrometer-commons/1.15.3/micrometer-commons-1.15.3.jar:/Users/denapatel/.m2/repository/com/mysql/mysql-connector-j/9.4.0/mysql-connector-j-9.4.0.jar:/Users/denapatel/.m2/repository/org/springframework/boot/spring-boot-configuration-processor/3.5.5/spring-boot-configuration-processor-3.5.5.jar:/Users/denapatel/.m2/repository/org/projectlombok/lombok/1.18.38/lombok-1.18.38.jar:/Users/denapatel/.m2/repository/org/springframework/boot/spring-boot-starter-test/3.5.5/spring-boot-starter-test-3.5.5.jar:/Users/denapatel/.m2/repository/org/springframework/boot/spring-boot-test/3.5.5/spring-boot-test-3.5.5.jar:/Users/denapatel/.m2/repository/org/springframework/boot/spring-boot-test-autoconfigure/3.5.5/spring-boot-test-autoconfigure-3.5.5.jar:/Users/denapatel/.m2/repository/com/jayway/jsonpath/json-path/2.9.0/json-path-2.9.0.jar:/Users/denapatel/.m2/repository/jakarta/xml/bind/jakarta.xml.bind-api/4.0.2/jakarta.xml.bind-api-4.0.2.jar:/Users/denapatel/.m2/repository/jakarta/activation/jakarta.activation-api/2.1.3/jakarta.activation-api-2.1.3.jar:/Users/denapatel/.m2/repository/net/minidev/json-smart/2.5.2/json-smart-2.5.2.jar:/Users/denapatel/.m2/repository/net/minidev/accessors-smart/2.5.2/accessors-smart-2.5.2.jar:/Users/denapatel/.m2/repository/org/ow2/asm/asm/9.7.1/asm-9.7.1.jar:/Users/denapatel/.m2/repository/org/assertj/assertj-core/3.27.4/assertj-core-3.27.4.jar:/Users/denapatel/.m2/repository/org/awaitility/awaitility/4.2.2/awaitility-4.2.2.jar:/Users/denapatel/.m2/repository/org/hamcrest/hamcrest/3.0/hamcrest-3.0.jar:/Users/denapatel/.m2/repository/org/junit/jupiter/junit-jupiter/5.12.2/junit-jupiter-5.12.2.jar:/Users/denapatel/.m2/repository/org/junit/jupiter/junit-jupiter-params/5.12.2/junit-jupiter-params-5.12.2.jar:/Users/denapatel/.m2/repository/org/junit/jupiter/junit-jupiter-engine/5.12.2/junit-jupiter-engine-5.12.2.jar:/Users/denapatel/.m2/repository/org/mockito/mockito-core/5.17.0/mockito-core-5.17.0.jar:/Users/denapatel/.m2/repository/net/bytebuddy/byte-buddy-agent/1.17.7/byte-buddy-agent-1.17.7.jar:/Users/denapatel/.m2/repository/org/objenesis/objenesis/3.3/objenesis-3.3.jar:/Users/denapatel/.m2/repository/org/mockito/mockito-junit-jupiter/5.17.0/mockito-junit-jupiter-5.17.0.jar:/Users/denapatel/.m2/repository/org/skyscreamer/jsonassert/1.5.3/jsonassert-1.5.3.jar:/Users/denapatel/.m2/repository/com/vaadin/external/google/android-json/0.0.20131108.vaadin1/android-json-0.0.20131108.vaadin1.jar:/Users/denapatel/.m2/repository/org/springframework/spring-core/6.2.10/spring-core-6.2.10.jar:/Users/denapatel/.m2/repository/org/springframework/spring-jcl/6.2.10/spring-jcl-6.2.10.jar:/Users/denapatel/.m2/repository/org/springframework/spring-test/6.2.10/spring-test-6.2.10.jar:/Users/denapatel/.m2/repository/org/xmlunit/xmlunit-core/2.10.3/xmlunit-core-2.10.3.jar:/Users/denapatel/.m2/repository/org/springframework/batch/spring-batch-test/5.2.2/spring-batch-test-5.2.2.jar:/Users/denapatel/.m2/repository/org/springframework/spring-jdbc/6.2.10/spring-jdbc-6.2.10.jar:/Users/denapatel/.m2/repository/org/springframework/kafka/spring-kafka-test/3.3.9/spring-kafka-test-3.3.9.jar:/Users/denapatel/.m2/repository/org/apache/zookeeper/zookeeper/3.8.4/zookeeper-3.8.4.jar:/Users/denapatel/.m2/repository/org/apache/zookeeper/zookeeper-jute/3.8.4/zookeeper-jute-3.8.4.jar:/Users/denapatel/.m2/repository/org/apache/yetus/audience-annotations/0.12.0/audience-annotations-0.12.0.jar:/Users/denapatel/.m2/repository/io/netty/netty-handler/4.1.124.Final/netty-handler-4.1.124.Final.jar:/Users/denapatel/.m2/repository/io/netty/netty-common/4.1.124.Final/netty-common-4.1.124.Final.jar:/Users/denapatel/.m2/repository/io/netty/netty-resolver/4.1.124.Final/netty-resolver-4.1.124.Final.jar:/Users/denapatel/.m2/repository/io/netty/netty-buffer/4.1.124.Final/netty-buffer-4.1.124.Final.jar:/Users/denapatel/.m2/repository/io/netty/netty-transport/4.1.124.Final/netty-transport-4.1.124.Final.jar:/Users/denapatel/.m2/repository/io/netty/netty-transport-native-unix-common/4.1.124.Final/netty-transport-native-unix-common-4.1.124.Final.jar:/Users/denapatel/.m2/repository/io/netty/netty-codec/4.1.124.Final/netty-codec-4.1.124.Final.jar:/Users/denapatel/.m2/repository/io/netty/netty-transport-native-epoll/4.1.124.Final/netty-transport-native-epoll-4.1.124.Final.jar:/Users/denapatel/.m2/repository/io/netty/netty-transport-classes-epoll/4.1.124.Final/netty-transport-classes-epoll-4.1.124.Final.jar:/Users/denapatel/.m2/repository/ch/qos/logback/logback-core/1.5.18/logback-core-1.5.18.jar:/Users/denapatel/.m2/repository/ch/qos/logback/logback-classic/1.5.18/logback-classic-1.5.18.jar:/Users/denapatel/.m2/repository/commons-io/commons-io/2.11.0/commons-io-2.11.0.jar:/Users/denapatel/.m2/repository/org/apache/kafka/kafka-clients/3.9.1/kafka-clients-3.9.1-test.jar:/Users/denapatel/.m2/repository/org/apache/kafka/kafka-server/3.9.1/kafka-server-3.9.1.jar:/Users/denapatel/.m2/repository/org/apache/kafka/kafka-storage/3.9.1/kafka-storage-3.9.1.jar:/Users/denapatel/.m2/repository/com/github/ben-manes/caffeine/caffeine/3.2.2/caffeine-3.2.2.jar:/Users/denapatel/.m2/repository/org/jspecify/jspecify/1.0.0/jspecify-1.0.0.jar:/Users/denapatel/.m2/repository/com/google/errorprone/error_prone_annotations/2.40.0/error_prone_annotations-2.40.0.jar:/Users/denapatel/.m2/repository/org/apache/kafka/kafka-group-coordinator/3.9.1/kafka-group-coordinator-3.9.1.jar:/Users/denapatel/.m2/repository/org/apache/kafka/kafka-transaction-coordinator/3.9.1/kafka-transaction-coordinator-3.9.1.jar:/Users/denapatel/.m2/repository/org/apache/kafka/kafka-raft/3.9.1/kafka-raft-3.9.1.jar:/Users/denapatel/.m2/repository/com/yammer/metrics/metrics-core/2.2.0/metrics-core-2.2.0.jar:/Users/denapatel/.m2/repository/org/apache/kafka/kafka-metadata/3.9.1/kafka-metadata-3.9.1.jar:/Users/denapatel/.m2/repository/org/apache/kafka/kafka-server-common/3.9.1/kafka-server-common-3.9.1.jar:/Users/denapatel/.m2/repository/net/sf/jopt-simple/jopt-simple/5.0.4/jopt-simple-5.0.4.jar:/Users/denapatel/.m2/repository/org/pcollections/pcollections/4.0.1/pcollections-4.0.1.jar:/Users/denapatel/.m2/repository/org/apache/kafka/kafka-server-common/3.9.1/kafka-server-common-3.9.1-test.jar:/Users/denapatel/.m2/repository/org/apache/kafka/kafka-streams-test-utils/3.9.1/kafka-streams-test-utils-3.9.1.jar:/Users/denapatel/.m2/repository/org/apache/kafka/kafka-streams/3.9.1/kafka-streams-3.9.1.jar:/Users/denapatel/.m2/repository/org/rocksdb/rocksdbjni/7.9.2/rocksdbjni-7.9.2.jar:/Users/denapatel/.m2/repository/org/apache/kafka/kafka_2.13/3.9.1/kafka_2.13-3.9.1.jar:/Users/denapatel/.m2/repository/org/scala-lang/scala-library/2.13.15/scala-library-2.13.15.jar:/Users/denapatel/.m2/repository/org/apache/kafka/kafka-group-coordinator-api/3.9.1/kafka-group-coordinator-api-3.9.1.jar:/Users/denapatel/.m2/repository/org/apache/kafka/kafka-storage-api/3.9.1/kafka-storage-api-3.9.1.jar:/Users/denapatel/.m2/repository/org/apache/kafka/kafka-tools-api/3.9.1/kafka-tools-api-3.9.1.jar:/Users/denapatel/.m2/repository/net/sourceforge/argparse4j/argparse4j/0.7.0/argparse4j-0.7.0.jar:/Users/denapatel/.m2/repository/commons-validator/commons-validator/1.7/commons-validator-1.7.jar:/Users/denapatel/.m2/repository/commons-beanutils/commons-beanutils/1.9.4/commons-beanutils-1.9.4.jar:/Users/denapatel/.m2/repository/commons-digester/commons-digester/2.1/commons-digester-2.1.jar:/Users/denapatel/.m2/repository/commons-collections/commons-collections/3.2.2/commons-collections-3.2.2.jar:/Users/denapatel/.m2/repository/com/fasterxml/jackson/module/jackson-module-scala_2.13/2.19.2/jackson-module-scala_2.13-2.19.2.jar:/Users/denapatel/.m2/repository/com/thoughtworks/paranamer/paranamer/2.8.3/paranamer-2.8.3.jar:/Users/denapatel/.m2/repository/com/fasterxml/jackson/dataformat/jackson-dataformat-csv/2.19.2/jackson-dataformat-csv-2.19.2.jar:/Users/denapatel/.m2/repository/org/bitbucket/b_c/jose4j/0.9.4/jose4j-0.9.4.jar:/Users/denapatel/.m2/repository/org/scala-lang/modules/scala-collection-compat_2.13/2.10.0/scala-collection-compat_2.13-2.10.0.jar:/Users/denapatel/.m2/repository/org/scala-lang/modules/scala-java8-compat_2.13/1.0.2/scala-java8-compat_2.13-1.0.2.jar:/Users/denapatel/.m2/repository/org/scala-lang/scala-reflect/2.13.15/scala-reflect-2.13.15.jar:/Users/denapatel/.m2/repository/com/typesafe/scala-logging/scala-logging_2.13/3.9.5/scala-logging_2.13-3.9.5.jar:/Users/denapatel/.m2/repository/io/dropwizard/metrics/metrics-core/4.1.12.1/metrics-core-4.1.12.1.jar:/Users/denapatel/.m2/repository/commons-cli/commons-cli/1.4/commons-cli-1.4.jar:/Users/denapatel/.m2/repository/org/apache/kafka/kafka_2.13/3.9.1/kafka_2.13-3.9.1-test.jar:/Users/denapatel/.m2/repository/org/junit/jupiter/junit-jupiter-api/5.12.2/junit-jupiter-api-5.12.2.jar:/Users/denapatel/.m2/repository/org/opentest4j/opentest4j/1.3.0/opentest4j-1.3.0.jar:/Users/denapatel/.m2/repository/org/junit/platform/junit-platform-commons/1.12.2/junit-platform-commons-1.12.2.jar:/Users/denapatel/.m2/repository/org/apiguardian/apiguardian-api/1.1.2/apiguardian-api-1.1.2.jar:/Users/denapatel/.m2/repository/org/junit/platform/junit-platform-launcher/1.12.2/junit-platform-launcher-1.12.2.jar:/Users/denapatel/.m2/repository/org/junit/platform/junit-platform-engine/1.12.2/junit-platform-engine-1.12.2.jar:/Users/denapatel/.m2/repository/org/springframework/security/spring-security-test/6.5.3/spring-security-test-6.5.3.jar:/Users/denapatel/.m2/repository/org/springframework/security/spring-security-core/6.5.3/spring-security-core-6.5.3.jar:/Users/denapatel/.m2/repository/org/springframework/security/spring-security-crypto/6.5.3/spring-security-crypto-6.5.3.jar:"/>
    <property name="sun.cpu.endian" value="little"/>
    <property name="user.home" value="/Users/denapatel"/>
    <property name="user.language" value="en"/>
    <property name="java.specification.vendor" value="Oracle Corporation"/>
    <property name="java.version.date" value="2025-04-15"/>
    <property name="java.home" value="/opt/homebrew/Cellar/openjdk/24.0.1/libexec/openjdk.jdk/Contents/Home"/>
    <property name="file.separator" value="/"/>
    <property name="basedir" value="/Users/denapatel/Java/online-banking-system"/>
    <property name="java.vm.compressedOopsMode" value="Zero based"/>
    <property name="line.separator" value="&#10;"/>
    <property name="java.vm.specification.vendor" value="Oracle Corporation"/>
    <property name="java.specification.name" value="Java Platform API Specification"/>
    <property name="FILE_LOG_CHARSET" value="UTF-8"/>
    <property name="java.awt.headless" value="true"/>
    <property name="apple.awt.application.name" value="ForkedBooter"/>
    <property name="surefire.real.class.path" value="/Users/denapatel/Java/online-banking-system/target/surefire/surefirebooter-20250821202517812_3.jar"/>
    <property name="sun.management.compiler" value="HotSpot 64-Bit Tiered Compilers"/>
    <property name="ftp.nonProxyHosts" value="local|*.local|169.254/16|*.169.254/16"/>
    <property name="java.runtime.version" value="24.0.1"/>
    <property name="user.name" value="denapatel"/>
    <property name="stdout.encoding" value="UTF-8"/>
    <property name="path.separator" value=":"/>
    <property name="os.version" value="15.6.1"/>
    <property name="java.runtime.name" value="OpenJDK Runtime Environment"/>
    <property name="file.encoding" value="UTF-8"/>
    <property name="java.vm.name" value="OpenJDK 64-Bit Server VM"/>
    <property name="java.vendor.version" value="Homebrew"/>
    <property name="localRepository" value="/Users/denapatel/.m2/repository"/>
    <property name="java.vendor.url.bug" value="https://github.com/Homebrew/homebrew-core/issues"/>
    <property name="java.io.tmpdir" value="/var/folders/zv/1kx13bcx73585h9b4sgj54c80000gn/T/"/>
    <property name="com.zaxxer.hikari.pool_number" value="1"/>
    <property name="java.version" value="24.0.1"/>
    <property name="user.dir" value="/Users/denapatel/Java/online-banking-system"/>
    <property name="os.arch" value="aarch64"/>
    <property name="java.vm.specification.name" value="Java Virtual Machine Specification"/>
    <property name="PID" value="7414"/>
    <property name="CONSOLE_LOG_CHARSET" value="UTF-8"/>
    <property name="native.encoding" value="UTF-8"/>
    <property name="java.library.path" value="/Users/denapatel/Library/Java/Extensions:/Library/Java/Extensions:/Network/Library/Java/Extensions:/System/Library/Java/Extensions:/usr/lib/java:."/>
    <property name="java.vm.info" value="mixed mode, sharing"/>
    <property name="stderr.encoding" value="UTF-8"/>
    <property name="java.vendor" value="Homebrew"/>
    <property name="java.vm.version" value="24.0.1"/>
    <property name="sun.io.unicode.encoding" value="UnicodeBig"/>
    <property name="socksNonProxyHosts" value="local|*.local|169.254/16|*.169.254/16"/>
    <property name="java.class.version" value="68.0"/>
    <property name="LOGGED_APPLICATION_NAME" value="[online-banking-system] "/>
  </properties>
  <testcase name="contextLoads" classname="com.demo.online_banking_system.OnlineBankingSystemApplicationTests" time="0.238">
    <system-out><![CDATA[20:25:18.060 [main] INFO org.springframework.test.context.support.AnnotationConfigContextLoaderUtils -- Could not detect default configuration classes for test class [com.demo.online_banking_system.OnlineBankingSystemApplicationTests]: OnlineBankingSystemApplicationTests does not declare any static, non-private, non-final, nested classes annotated with @Configuration.
20:25:18.097 [main] INFO org.springframework.boot.test.context.SpringBootTestContextBootstrapper -- Found @SpringBootConfiguration com.demo.online_banking_system.OnlineBankingSystemApplication for test class com.demo.online_banking_system.OnlineBankingSystemApplicationTests

  .   ____          _            __ _ _
 /\\ / ___'_ __ _ _(_)_ __  __ _ \ \ \ \
( ( )\___ | '_ | '_| | '_ \/ _` | \ \ \ \
 \\/  ___)| |_)| | | | | || (_| |  ) ) ) )
  '  |____| .__|_| |_|_| |_\__, | / / / /
 =========|_|==============|___/=/_/_/_/

 :: Spring Boot ::                (v3.5.5)

2025-08-21T20:25:18.209-04:00  INFO 7414 --- [online-banking-system] [           main] .d.o.OnlineBankingSystemApplicationTests : Starting OnlineBankingSystemApplicationTests using Java 24.0.1 with PID 7414 (started by denapatel in /Users/denapatel/Java/online-banking-system)
2025-08-21T20:25:18.210-04:00  INFO 7414 --- [online-banking-system] [           main] .d.o.OnlineBankingSystemApplicationTests : No active profile set, falling back to 1 default profile: "default"
2025-08-21T20:25:18.410-04:00  INFO 7414 --- [online-banking-system] [           main] .s.d.r.c.RepositoryConfigurationDelegate : Bootstrapping Spring Data JPA repositories in DEFAULT mode.
2025-08-21T20:25:18.416-04:00  INFO 7414 --- [online-banking-system] [           main] .s.d.r.c.RepositoryConfigurationDelegate : Finished Spring Data repository scanning in 3 ms. Found 0 JPA repository interfaces.
2025-08-21T20:25:18.536-04:00  INFO 7414 --- [online-banking-system] [           main] com.zaxxer.hikari.HikariDataSource       : HikariPool-1 - Starting...
2025-08-21T20:25:18.677-04:00  INFO 7414 --- [online-banking-system] [           main] com.zaxxer.hikari.pool.HikariPool        : HikariPool-1 - Added connection com.mysql.cj.jdbc.ConnectionImpl@3e5beab5
2025-08-21T20:25:18.677-04:00  INFO 7414 --- [online-banking-system] [           main] com.zaxxer.hikari.HikariDataSource       : HikariPool-1 - Start completed.
2025-08-21T20:25:18.702-04:00  INFO 7414 --- [online-banking-system] [           main] o.hibernate.jpa.internal.util.LogHelper  : HHH000204: Processing PersistenceUnitInfo [name: default]
2025-08-21T20:25:18.714-04:00  INFO 7414 --- [online-banking-system] [           main] org.hibernate.Version                    : HHH000412: Hibernate ORM core version 6.6.26.Final
2025-08-21T20:25:18.721-04:00  INFO 7414 --- [online-banking-system] [           main] o.h.c.internal.RegionFactoryInitiator    : HHH000026: Second-level cache disabled
2025-08-21T20:25:18.789-04:00  INFO 7414 --- [online-banking-system] [           main] o.s.o.j.p.SpringPersistenceUnitInfo      : No LoadTimeWeaver setup: ignoring JPA class transformer
2025-08-21T20:25:18.822-04:00  INFO 7414 --- [online-banking-system] [           main] org.hibernate.orm.connections.pooling    : HHH10001005: Database info:
	Database JDBC URL [Connecting through datasource 'HikariDataSource (HikariPool-1)']
	Database driver: undefined/unknown
	Database version: 9.4
	Autocommit mode: undefined/unknown
	Isolation level: undefined/unknown
	Minimum pool size: undefined/unknown
	Maximum pool size: undefined/unknown
2025-08-21T20:25:18.991-04:00  INFO 7414 --- [online-banking-system] [           main] o.h.e.t.j.p.i.JtaPlatformInitiator       : HHH000489: No JTA platform available (set 'hibernate.transaction.jta.platform' to enable JTA platform integration)
2025-08-21T20:25:18.993-04:00  INFO 7414 --- [online-banking-system] [           main] j.LocalContainerEntityManagerFactoryBean : Initialized JPA EntityManagerFactory for persistence unit 'default'
2025-08-21T20:25:19.036-04:00  WARN 7414 --- [online-banking-system] [           main] JpaBaseConfiguration$JpaWebConfiguration : spring.jpa.open-in-view is enabled by default. Therefore, database queries may be performed during view rendering. Explicitly configure spring.jpa.open-in-view to disable this warning
2025-08-21T20:25:19.218-04:00  WARN 7414 --- [online-banking-system] [           main] .s.s.UserDetailsServiceAutoConfiguration : 

Using generated security password: 2f14cace-fd4e-4533-b880-21450ea0ba68

This generated password is for development use only. Your security configuration must be updated before running your application in production.

2025-08-21T20:25:19.220-04:00  INFO 7414 --- [online-banking-system] [           main] r$InitializeUserDetailsManagerConfigurer : Global AuthenticationManager configured with UserDetailsService bean with name inMemoryUserDetailsManager
2025-08-21T20:25:19.258-04:00  INFO 7414 --- [online-banking-system] [           main] .d.o.OnlineBankingSystemApplicationTests : Started OnlineBankingSystemApplicationTests in 1.121 seconds (process running for 1.416)
2025-08-21T20:25:19.259-04:00  INFO 7414 --- [online-banking-system] [           main] o.s.b.a.b.JobLauncherApplicationRunner   : Running default command line with: []
]]></system-out>
    <system-err><![CDATA[Mockito is currently self-attaching to enable the inline-mock-maker. This will no longer work in future releases of the JDK. Please add Mockito as an agent to your build as described in Mockito's documentation: https://javadoc.io/doc/org.mockito/mockito-core/latest/org.mockito/org/mockito/Mockito.html#0.3
WARNING: A Java agent has been loaded dynamically (/Users/denapatel/.m2/repository/net/bytebuddy/byte-buddy-agent/1.17.7/byte-buddy-agent-1.17.7.jar)
WARNING: If a serviceability tool is in use, please run with -XX:+EnableDynamicAgentLoading to hide this warning
WARNING: If a serviceability tool is not in use, please run with -Djdk.instrument.traceUsage for more information
WARNING: Dynamic loading of agents will be disallowed by default in a future release
]]></system-err>
  </testcase>
</testsuite>